<?xml version="1.0" encoding="utf-8" standalone="no"?>
<!--This file represents the results of running a test suite-->
<test-results name="D:\RouteMe\bin\Debug\RouteMe.dll" total="1" errors="0" failures="0" not-run="0" inconclusive="0" ignored="0" skipped="0" invalid="0" date="2016-09-28" time="16:48:11">
  <environment nunit-version="2.6.2.12296" clr-version="2.0.50727.4927" os-version="Microsoft Windows NT 6.1.7600.0" platform="Win32NT" cwd="C:\Program Files\NUnit 2.6.2\bin" machine-name="AUTOMATIONPC2" user="nik" user-domain="AUTOMATIONPC2" />
  <culture-info current-culture="en-US" current-uiculture="en-US" />
  <test-suite type="Assembly" name="D:\RouteMe\bin\Debug\RouteMe.dll" executed="True" result="Success" success="True" time="50.911" asserts="0">
    <results>
      <test-suite type="Namespace" name="RouteMe" executed="True" result="Success" success="True" time="50.904" asserts="0">
        <results>
          <test-suite type="Namespace" name="TestCases" executed="True" result="Success" success="True" time="50.904" asserts="0">
            <results>
              <test-suite type="TestFixture" name="RouteSearchFeature" description="RouteSearch" executed="True" result="Success" success="True" time="50.902" asserts="0">
                <results>
                  <test-case name="RouteMe.TestCases.RouteSearchFeature.VerifyTheRouteSearchFunctionality" description="Verify the Route Search Functionality" executed="True" result="Success" success="True" time="50.708" asserts="0" />
                </results>
              </test-suite>
            </results>
          </test-suite>
        </results>
      </test-suite>
    </results>
  </test-suite>
</test-results>